#
# There is insufficient memory for the Java Runtime Environment to continue.
# Native memory allocation (malloc) failed to allocate 925360 bytes for Chunk::new
# Possible reasons:
#   The system is out of physical RAM or swap space
#   In 32 bit mode, the process size limit was hit
# Possible solutions:
#   Reduce memory load on the system
#   Increase physical memory or swap space
#   Check if swap backing store is full
#   Use 64 bit Java on a 64 bit OS
#   Decrease Java heap size (-Xmx/-Xms)
#   Decrease number of Java threads
#   Decrease Java thread stack sizes (-Xss)
#   Set larger code cache with -XX:ReservedCodeCacheSize=
# This output file may be truncated or incomplete.
#
#  Out of Memory Error (allocation.cpp:390), pid=19712, tid=0x000000000000332c
#
# JRE version: OpenJDK Runtime Environment (8.0) (build 1.8.0-adoptopenjdk-_2018_05_19_00_59-b00)
# Java VM: OpenJDK 64-Bit Server VM (25.71-b00 mixed mode windows-amd64 compressed oops)
# Failed to write core dump. Minidumps are not enabled by default on client versions of Windows
#

---------------  T H R E A D  ---------------

Current thread (0x000000001e73b800):  JavaThread "C2 CompilerThread1" daemon [_thread_in_native, id=13100, stack(0x000000001f000000,0x000000001f100000)]

Stack: [0x000000001f000000,0x000000001f100000]
[error occurred during error reporting (printing stack bounds), id 0xc0000005]

Native frames: (J=compiled Java code, j=interpreted, Vv=VM code, C=native code)


Current CompileTask:
C2:   1946 2217   !   4       com.sun.org.apache.xerces.internal.impl.XMLDocumentFragmentScannerImpl$FragmentContentDriver::next (2346 bytes)


---------------  P R O C E S S  ---------------

Java Threads: ( => current thread )
  0x0000000020a9c800 JavaThread "Keep-Alive-Timer" daemon [_thread_blocked, id=16912, stack(0x00000000227e0000,0x00000000228e0000)]
  0x000000001e81c000 JavaThread "Service Thread" daemon [_thread_blocked, id=20976, stack(0x000000001f300000,0x000000001f400000)]
  0x000000001e78b000 JavaThread "C1 CompilerThread3" daemon [_thread_blocked, id=23032, stack(0x000000001f200000,0x000000001f300000)]
  0x000000001e78c800 JavaThread "C2 CompilerThread2" daemon [_thread_in_native, id=29708, stack(0x000000001f100000,0x000000001f200000)]
=>0x000000001e73b800 JavaThread "C2 CompilerThread1" daemon [_thread_in_native, id=13100, stack(0x000000001f000000,0x000000001f100000)]
  0x000000001c84c000 JavaThread "C2 CompilerThread0" daemon [_thread_blocked, id=9096, stack(0x000000001ef00000,0x000000001f000000)]
  0x000000001c84b000 JavaThread "Attach Listener" daemon [_thread_blocked, id=29964, stack(0x000000001ee00000,0x000000001ef00000)]
  0x000000001e788800 JavaThread "Signal Dispatcher" daemon [_thread_blocked, id=28796, stack(0x000000001ed00000,0x000000001ee00000)]
  0x0000000002e1d800 JavaThread "Finalizer" daemon [_thread_blocked, id=26692, stack(0x000000001eb00000,0x000000001ec00000)]
  0x0000000002e1c000 JavaThread "Reference Handler" daemon [_thread_blocked, id=2364, stack(0x000000001e600000,0x000000001e700000)]
  0x0000000002d25800 JavaThread "main" [_thread_in_native, id=12032, stack(0x0000000002c20000,0x0000000002d20000)]

Other Threads:
  0x000000001c837800 VMThread [stack: 0x000000001e500000,0x000000001e600000] [id=13572]
  0x000000001e81d000 WatcherThread [stack: 0x000000001f400000,0x000000001f500000] [id=25780]

VM state:not at safepoint (normal execution)

VM Mutex/Monitor currently owned by a thread: None

Heap:
 PSYoungGen      total 76288K, used 21335K [0x000000076b400000, 0x0000000770900000, 0x00000007c0000000)
  eden space 65536K, 20% used [0x000000076b400000,0x000000076c0e0b10,0x000000076f400000)
  from space 10752K, 75% used [0x000000076f400000,0x000000076fbf5220,0x000000076fe80000)
  to   space 10752K, 0% used [0x000000076fe80000,0x000000076fe80000,0x0000000770900000)
 ParOldGen       total 175104K, used 88K [0x00000006c1c00000, 0x00000006cc700000, 0x000000076b400000)
  object space 175104K, 0% used [0x00000006c1c00000,0x00000006c1c16010,0x00000006cc700000)
 Metaspace       used 17311K, capacity 17728K, committed 18048K, reserved 1064960K
  class space    used 1987K, capacity 2108K, committed 2176K, reserved 1048576K

Card table byte_map: [0x00000000121e0000,0x00000000129e0000] byte_map_base: 0x000000000ebd2000

Marking Bits: (ParMarkBitMap*) 0x0000000070abbe50
 Begin Bits: [0x0000000013730000, 0x00000000176c0000)
 End Bits:   [0x00000000176c0000, 0x000000001b650000)

Polling page: 0x00000000012f0000

CodeCache: size=245760Kb used=7927Kb max_used=7939Kb free=237832Kb
 bounds [0x0000000002e20000, 0x00000000035f0000, 0x0000000011e20000]
 total_blobs=2678 nmethods=2259 adapters=332
 compilation: enabled

Compilation events (10 events):
Event: 1.931 Thread 0x000000001e78c800 2262       4       com.sun.org.apache.xerces.internal.util.XMLGrammarPoolImpl::retrieveGrammar (6 bytes)
Event: 1.931 Thread 0x000000001e78b000 2266       3       java.nio.Buffer::remaining (10 bytes)
Event: 1.931 Thread 0x000000001e78b000 nmethod 2266 0x00000000035e2490 code [0x00000000035e25e0, 0x00000000035e2730]
Event: 1.931 Thread 0x000000001e78b000 2267       3       com.sun.crypto.provider.AESCrypt::encryptBlock (953 bytes)
Event: 1.932 Thread 0x000000001e78b000 nmethod 2267 0x00000000035d9650 code [0x00000000035d9880, 0x00000000035da6b0]
Event: 1.933 Thread 0x000000001c84c000 nmethod 2258 0x00000000035e45d0 code [0x00000000035e4760, 0x00000000035e4e58]
Event: 1.933 Thread 0x000000001c84c000 2263   !   4       com.sun.org.apache.xerces.internal.util.XMLGrammarPoolImpl::getGrammar (90 bytes)
Event: 1.933 Thread 0x000000001e78c800 nmethod 2262 0x00000000035e53d0 code [0x00000000035e5520, 0x00000000035e59a8]
Event: 1.933 Thread 0x000000001e78c800 2264   !   4       com.sun.org.apache.xerces.internal.impl.xs.XMLSchemaValidator::handleStartElement (1451 bytes)
Event: 1.935 Thread 0x000000001c84c000 nmethod 2263 0x00000000035e5c90 code [0x00000000035e5de0, 0x00000000035e6268]

GC Heap History (2 events):
Event: 1.761 GC heap before
{Heap before GC invocations=1 (full 0):
 PSYoungGen      total 76288K, used 65536K [0x000000076b400000, 0x0000000770900000, 0x00000007c0000000)
  eden space 65536K, 100% used [0x000000076b400000,0x000000076f400000,0x000000076f400000)
  from space 10752K, 0% used [0x000000076fe80000,0x000000076fe80000,0x0000000770900000)
  to   space 10752K, 0% used [0x000000076f400000,0x000000076f400000,0x000000076fe80000)
 ParOldGen       total 175104K, used 0K [0x00000006c1c00000, 0x00000006cc700000, 0x000000076b400000)
  object space 175104K, 0% used [0x00000006c1c00000,0x00000006c1c00000,0x00000006cc700000)
 Metaspace       used 17296K, capacity 17664K, committed 17792K, reserved 1064960K
  class space    used 1987K, capacity 2108K, committed 2176K, reserved 1048576K
Event: 1.767 GC heap after
Heap after GC invocations=1 (full 0):
 PSYoungGen      total 76288K, used 8148K [0x000000076b400000, 0x0000000770900000, 0x00000007c0000000)
  eden space 65536K, 0% used [0x000000076b400000,0x000000076b400000,0x000000076f400000)
  from space 10752K, 75% used [0x000000076f400000,0x000000076fbf5220,0x000000076fe80000)
  to   space 10752K, 0% used [0x000000076fe80000,0x000000076fe80000,0x0000000770900000)
 ParOldGen       total 175104K, used 88K [0x00000006c1c00000, 0x00000006cc700000, 0x000000076b400000)
  object space 175104K, 0% used [0x00000006c1c00000,0x00000006c1c16010,0x00000006cc700000)
 Metaspace       used 17296K, capacity 17664K, committed 17792K, reserved 1064960K
  class space    used 1987K, capacity 2108K, committed 2176K, reserved 1048576K
}

Deoptimization events (10 events):
Event: 1.282 Thread 0x0000000002d25800 Uncommon trap: reason=unstable_if action=reinterpret pc=0x00000000034c1dec method=java.io.ByteArrayInputStream.read([BII)I @ 63
Event: 1.429 Thread 0x0000000002d25800 Uncommon trap: reason=unstable_if action=reinterpret pc=0x00000000030db97c method=java.lang.CharacterDataLatin1.isWhitespace(I)Z @ 14
Event: 1.430 Thread 0x0000000002d25800 Uncommon trap: reason=unstable_if action=reinterpret pc=0x00000000034cbc94 method=java.lang.String.toLowerCase(Ljava/util/Locale;)Ljava/lang/String; @ 226
Event: 1.437 Thread 0x0000000002d25800 Uncommon trap: reason=unstable_if action=reinterpret pc=0x00000000031495e4 method=java.lang.String.indexOf([CII[CIII)I @ 27
Event: 1.443 Thread 0x0000000002d25800 Uncommon trap: reason=unstable_if action=reinterpret pc=0x00000000034c2fd0 method=java.util.LinkedHashMap.get(Ljava/lang/Object;)Ljava/lang/Object; @ 20
Event: 1.468 Thread 0x0000000002d25800 Uncommon trap: reason=unstable_if action=reinterpret pc=0x0000000002ff07dc method=java.lang.String.startsWith(Ljava/lang/String;I)Z @ 25
Event: 1.480 Thread 0x0000000002d25800 Uncommon trap: reason=unstable_if action=reinterpret pc=0x000000000354abf0 method=java.util.Arrays.equals([B[B)Z @ 12
Event: 1.604 Thread 0x0000000002d25800 Uncommon trap: reason=unstable_if action=reinterpret pc=0x000000000342ad60 method=java.util.regex.Matcher.find()Z @ 34
Event: 1.774 Thread 0x0000000002d25800 Uncommon trap: reason=unstable_if action=reinterpret pc=0x00000000032219d8 method=com.sun.org.apache.xerces.internal.impl.XMLEntityScanner.scanContent(Lcom/sun/org/apache/xerces/internal/xni/XMLString;)I @ 418
Event: 1.854 Thread 0x0000000002d25800 Uncommon trap: reason=unstable_if action=reinterpret pc=0x000000000331685c method=com.sun.org.apache.xerces.internal.impl.XMLEntityScanner.skipSpaces()Z @ 303

Classes redefined (0 events):
No events

Internal exceptions (10 events):
Event: 0.432 Thread 0x0000000002d25800 Exception <a 'java/lang/ArrayIndexOutOfBoundsException': 18> (0x000000076c4e8000) thrown at [C:\Users\jenkins\workspace\openjdk8_build_x86-64_windows\openjdk\hotspot\src\share\vm\interpreter\interpreterRuntime.cpp, line 366]
Event: 0.432 Thread 0x0000000002d25800 Exception <a 'java/lang/ArrayIndexOutOfBoundsException': 62> (0x000000076c4e8ef0) thrown at [C:\Users\jenkins\workspace\openjdk8_build_x86-64_windows\openjdk\hotspot\src\share\vm\interpreter\interpreterRuntime.cpp, line 366]
Event: 0.527 Thread 0x0000000002d25800 Implicit null exception at 0x000000000307cc56 to 0x000000000307d001
Event: 0.582 Thread 0x0000000002d25800 Implicit null exception at 0x0000000003038356 to 0x00000000030386f9
Event: 0.772 Thread 0x0000000002d25800 Exception <a 'sun/nio/fs/WindowsException'> (0x000000076d14a7a0) thrown at [C:\Users\jenkins\workspace\openjdk8_build_x86-64_windows\openjdk\hotspot\src\share\vm\prims\jni.cpp, line 709]
Event: 0.772 Thread 0x0000000002d25800 Exception <a 'sun/nio/fs/WindowsException'> (0x000000076d14ac78) thrown at [C:\Users\jenkins\workspace\openjdk8_build_x86-64_windows\openjdk\hotspot\src\share\vm\prims\jni.cpp, line 709]
Event: 0.775 Thread 0x0000000002d25800 Exception <a 'java/lang/ClassNotFoundException': com/sun/org/glassfish/hk2/osgiresourcelocator/ServiceLoader> (0x000000076d17ba18) thrown at [C:\Users\jenkins\workspace\openjdk8_build_x86-64_windows\openjdk\hotspot\src\share\vm\classfile\systemDictionary.
Event: 0.805 Thread 0x0000000002d25800 Exception <a 'java/lang/ClassNotFoundException': com/sun/org/glassfish/hk2/osgiresourcelocator/ServiceLoader> (0x000000076d38ca20) thrown at [C:\Users\jenkins\workspace\openjdk8_build_x86-64_windows\openjdk\hotspot\src\share\vm\classfile\systemDictionary.
Event: 0.846 Thread 0x0000000002d25800 Implicit null exception at 0x000000000332d150 to 0x000000000332d1f5
Event: 1.480 Thread 0x0000000002d25800 Implicit null exception at 0x000000000354aa98 to 0x000000000354abdd

Events (10 events):
Event: 1.849 Thread 0x0000000002d25800 DEOPT UNPACKING pc=0x0000000002e675d0 sp=0x0000000002d1e6c0 mode 0
Event: 1.850 Thread 0x0000000002d25800 DEOPT PACKING pc=0x00000000035c348c sp=0x0000000002d1e8b0
Event: 1.850 Thread 0x0000000002d25800 DEOPT UNPACKING pc=0x0000000002e675d0 sp=0x0000000002d1e5f0 mode 0
Event: 1.850 Thread 0x0000000002d25800 DEOPT PACKING pc=0x00000000035c348c sp=0x0000000002d1e8b0
Event: 1.850 Thread 0x0000000002d25800 DEOPT UNPACKING pc=0x0000000002e675d0 sp=0x0000000002d1e5f0 mode 0
Event: 1.854 Thread 0x0000000002d25800 DEOPT PACKING pc=0x00000000035c348c sp=0x0000000002d1e980
Event: 1.854 Thread 0x0000000002d25800 DEOPT UNPACKING pc=0x0000000002e675d0 sp=0x0000000002d1e6c0 mode 0
Event: 1.854 Thread 0x0000000002d25800 Uncommon trap: trap_request=0xffffff65 fr.pc=0x000000000331685c
Event: 1.854 Thread 0x0000000002d25800 DEOPT PACKING pc=0x000000000331685c sp=0x0000000002d1e8f0
Event: 1.854 Thread 0x0000000002d25800 DEOPT UNPACKING pc=0x0000000002e6557b sp=0x0000000002d1e880 mode 2


Dynamic libraries:
0x00007ff797db0000 - 0x00007ff797de5000 	C:\Program Files\Unity\Hub\Editor\2019.4.14f1\Editor\Data\PlaybackEngines\AndroidPlayer\OpenJDK\bin\java.exe
0x00007ffa56170000 - 0x00007ffa56365000 	C:\WINDOWS\SYSTEM32\ntdll.dll
0x00007ffa541e0000 - 0x00007ffa5429d000 	C:\WINDOWS\System32\KERNEL32.DLL
0x00007ffa53940000 - 0x00007ffa53c08000 	C:\WINDOWS\System32\KERNELBASE.dll
0x00007ffa55230000 - 0x00007ffa552dc000 	C:\WINDOWS\System32\ADVAPI32.dll
0x00007ffa54800000 - 0x00007ffa5489e000 	C:\WINDOWS\System32\msvcrt.dll
0x00007ffa55490000 - 0x00007ffa5552b000 	C:\WINDOWS\System32\sechost.dll
0x00007ffa56000000 - 0x00007ffa5612b000 	C:\WINDOWS\System32\RPCRT4.dll
0x00007ffa54630000 - 0x00007ffa547d0000 	C:\WINDOWS\System32\USER32.dll
0x00007ffa538b0000 - 0x00007ffa538d2000 	C:\WINDOWS\System32\win32u.dll
0x00007ffa54600000 - 0x00007ffa5462a000 	C:\WINDOWS\System32\GDI32.dll
0x00007ffa53cb0000 - 0x00007ffa53dbb000 	C:\WINDOWS\System32\gdi32full.dll
0x00007ffa53c10000 - 0x00007ffa53cad000 	C:\WINDOWS\System32\msvcp_win.dll
0x00007ffa540d0000 - 0x00007ffa541d0000 	C:\WINDOWS\System32\ucrtbase.dll
0x00007ffa406a0000 - 0x00007ffa4093a000 	C:\WINDOWS\WinSxS\amd64_microsoft.windows.common-controls_6595b64144ccf1df_6.0.19041.844_none_ca00b6081b84eb1d\COMCTL32.dll
0x00007ffa547d0000 - 0x00007ffa54800000 	C:\WINDOWS\System32\IMM32.DLL
0x00000000713d0000 - 0x00000000714a2000 	C:\Program Files\Unity\Hub\Editor\2019.4.14f1\Editor\Data\PlaybackEngines\AndroidPlayer\OpenJDK\jre\bin\msvcr100.dll
0x00000000702f0000 - 0x0000000070b39000 	C:\Program Files\Unity\Hub\Editor\2019.4.14f1\Editor\Data\PlaybackEngines\AndroidPlayer\OpenJDK\jre\bin\server\jvm.dll
0x00007ffa55070000 - 0x00007ffa55078000 	C:\WINDOWS\System32\PSAPI.DLL
0x00007ffa4f270000 - 0x00007ffa4f279000 	C:\WINDOWS\SYSTEM32\WSOCK32.dll
0x00007ffa513f0000 - 0x00007ffa513fa000 	C:\WINDOWS\SYSTEM32\VERSION.dll
0x00007ffa460c0000 - 0x00007ffa460e7000 	C:\WINDOWS\SYSTEM32\WINMM.dll
0x00007ffa552e0000 - 0x00007ffa5534b000 	C:\WINDOWS\System32\WS2_32.dll
0x00007ffa50d10000 - 0x00007ffa50d1f000 	C:\Program Files\Unity\Hub\Editor\2019.4.14f1\Editor\Data\PlaybackEngines\AndroidPlayer\OpenJDK\jre\bin\verify.dll
0x00007ffa3d930000 - 0x00007ffa3d959000 	C:\Program Files\Unity\Hub\Editor\2019.4.14f1\Editor\Data\PlaybackEngines\AndroidPlayer\OpenJDK\jre\bin\java.dll
0x00007ffa4ac10000 - 0x00007ffa4ac26000 	C:\Program Files\Unity\Hub\Editor\2019.4.14f1\Editor\Data\PlaybackEngines\AndroidPlayer\OpenJDK\jre\bin\zip.dll
0x00007ffa55820000 - 0x00007ffa55f62000 	C:\WINDOWS\System32\SHELL32.dll
0x00007ffa519e0000 - 0x00007ffa52170000 	C:\WINDOWS\SYSTEM32\windows.storage.dll
0x00007ffa542a0000 - 0x00007ffa545f5000 	C:\WINDOWS\System32\combase.dll
0x00007ffa53320000 - 0x00007ffa5334c000 	C:\WINDOWS\SYSTEM32\Wldp.dll
0x00007ffa55660000 - 0x00007ffa5570e000 	C:\WINDOWS\System32\SHCORE.dll
0x00007ffa55010000 - 0x00007ffa55065000 	C:\WINDOWS\System32\shlwapi.dll
0x00007ffa537f0000 - 0x00007ffa5380f000 	C:\WINDOWS\SYSTEM32\profapi.dll
0x00007ffa42400000 - 0x00007ffa4241a000 	C:\Program Files\Unity\Hub\Editor\2019.4.14f1\Editor\Data\PlaybackEngines\AndroidPlayer\OpenJDK\jre\bin\net.dll
0x00007ffa53090000 - 0x00007ffa530fa000 	C:\WINDOWS\system32\mswsock.dll
0x00007ffa401d0000 - 0x00007ffa401e1000 	C:\Program Files\Unity\Hub\Editor\2019.4.14f1\Editor\Data\PlaybackEngines\AndroidPlayer\OpenJDK\jre\bin\nio.dll
0x00007ffa22b80000 - 0x00007ffa22ba4000 	C:\Program Files\Unity\Hub\Editor\2019.4.14f1\Editor\Data\PlaybackEngines\AndroidPlayer\OpenJDK\jre\bin\sunec.dll
0x00007ffa53270000 - 0x00007ffa53288000 	C:\WINDOWS\SYSTEM32\CRYPTSP.dll
0x00007ffa529c0000 - 0x00007ffa529f4000 	C:\WINDOWS\system32\rsaenh.dll
0x00007ffa54050000 - 0x00007ffa54077000 	C:\WINDOWS\System32\bcrypt.dll
0x00007ffa537b0000 - 0x00007ffa537de000 	C:\WINDOWS\SYSTEM32\USERENV.dll
0x00007ffa53f20000 - 0x00007ffa53fa0000 	C:\WINDOWS\System32\bcryptprimitives.dll
0x00007ffa53260000 - 0x00007ffa5326c000 	C:\WINDOWS\SYSTEM32\CRYPTBASE.dll
0x00007ffa52d30000 - 0x00007ffa52d6b000 	C:\WINDOWS\SYSTEM32\IPHLPAPI.DLL
0x00007ffa541d0000 - 0x00007ffa541d8000 	C:\WINDOWS\System32\NSI.dll
0x00007ffa4d410000 - 0x00007ffa4d427000 	C:\WINDOWS\SYSTEM32\dhcpcsvc6.DLL
0x00007ffa4d3f0000 - 0x00007ffa4d40d000 	C:\WINDOWS\SYSTEM32\dhcpcsvc.DLL
0x00007ffa52d80000 - 0x00007ffa52e4c000 	C:\WINDOWS\SYSTEM32\DNSAPI.dll
0x00007ffa514e0000 - 0x00007ffa514eb000 	C:\Program Files\Unity\Hub\Editor\2019.4.14f1\Editor\Data\PlaybackEngines\AndroidPlayer\OpenJDK\jre\bin\sunmscapi.dll
0x00007ffa53dc0000 - 0x00007ffa53f1f000 	C:\WINDOWS\System32\CRYPT32.dll
0x00007ffa4cd60000 - 0x00007ffa4cd6a000 	C:\Windows\System32\rasadhlp.dll
0x00007ffa46880000 - 0x00007ffa468ff000 	C:\WINDOWS\System32\fwpuclnt.dll

VM Arguments:
jvm_args: -Dfile.encoding=UTF-8 -Dcom.android.sdklib.toolsdir=C:\Program Files\Unity\Hub\Editor\2019.4.14f1\Editor\Data\PlaybackEngines\AndroidPlayer\SDK\tools\bin\\.. 
java_command: com.android.sdklib.tool.sdkmanager.SdkManagerCli --list
java_class_path (initial): C:\Program Files\Unity\Hub\Editor\2019.4.14f1\Editor\Data\PlaybackEngines\AndroidPlayer\SDK\tools\bin\..\lib\dvlib-26.0.0-dev.jar;C:\Program Files\Unity\Hub\Editor\2019.4.14f1\Editor\Data\PlaybackEngines\AndroidPlayer\SDK\tools\bin\..\lib\jimfs-1.1.jar;C:\Program Files\Unity\Hub\Editor\2019.4.14f1\Editor\Data\PlaybackEngines\AndroidPlayer\SDK\tools\bin\..\lib\jsr305-1.3.9.jar;C:\Program Files\Unity\Hub\Editor\2019.4.14f1\Editor\Data\PlaybackEngines\AndroidPlayer\SDK\tools\bin\..\lib\repository-26.0.0-dev.jar;C:\Program Files\Unity\Hub\Editor\2019.4.14f1\Editor\Data\PlaybackEngines\AndroidPlayer\SDK\tools\bin\..\lib\j2objc-annotations-1.1.jar;C:\Program Files\Unity\Hub\Editor\2019.4.14f1\Editor\Data\PlaybackEngines\AndroidPlayer\SDK\tools\bin\..\lib\layoutlib-api-26.0.0-dev.jar;C:\Program Files\Unity\Hub\Editor\2019.4.14f1\Editor\Data\PlaybackEngines\AndroidPlayer\SDK\tools\bin\..\lib\gson-2.3.jar;C:\Program Files\Unity\Hub\Editor\2019.4.14f1\Editor\Data\PlaybackEngines\AndroidPlayer\SDK\tools\bin\..\lib\httpcore-4.2.5.jar;C:\Program Files\Unity\Hub\Editor\2019.4.14f1\Editor\Data\PlaybackEngines\AndroidPlayer\SDK\tools\bin\..\lib\commons-logging-1.1.1.jar;C:\Program Files\Unity\Hub\Editor\2019.4.14f1\Editor\Data\PlaybackEngines\AndroidPlayer\SDK\tools\bin\..\lib\commons-compress-1.12.jar;C:\Program Files\Unity\Hub\Editor\2019.4.14f1\Editor\Data\PlaybackEngines\AndroidPlayer\SDK\tools\bin\..\lib\annotations-26.0.0-dev.jar;C:\Program Files\Unity\Hub\Editor\2019.4.14f1\Editor\Data\PlaybackEngines\AndroidPlayer\SDK\tools\bin\..\lib\error_prone_annotations-2.0.18.jar;C:\Program Files\Unity\Hub\Editor\2019.4.14f1\Editor\Data\PlaybackEngines\AndroidPlayer\SDK\tools\bin\..\lib\animal-sniffer-annotations-1.14.jar;C:\Program Files\Unity\Hub\Editor\2019.4.14f1\Editor\Data\PlaybackEngines\AndroidPlayer\SDK\tools\bin\..\lib\httpclient-4.2.6.jar;C:\Program Files\Unity\Hub\Editor\2019.4.14f1\Editor\Data\PlaybackEngines\AndroidPlayer\SDK\tools\bin\..\lib
Launcher Type: SUN_STANDARD

Environment Variables:
JAVA_HOME=C:/Program Files/Unity/Hub/Editor/2019.4.14f1/Editor/Data/PlaybackEngines/AndroidPlayer\OpenJDK
JAVA_TOOL_OPTIONS=-Dfile.encoding=UTF-8
PATH=C:\Program Files\NVIDIA GPU Computing Toolkit\CUDA\v11.2\bin;C:\Program Files\NVIDIA GPU Computing Toolkit\CUDA\v11.2\libnvvp;C:\Program Files\NVIDIA GPU Computing Toolkit\CUDA\v10.1\bin;C:\Program Files\NVIDIA GPU Computing Toolkit\CUDA\v10.1\libnvvp;C:\Program Files (x86)\Python36-32\Scripts\;C:\Program Files (x86)\Python36-32\;C:\ProgramData\Oracle\Java\javapath;C:\WINDOWS\system32;C:\WINDOWS;C:\WINDOWS\System32\Wbem;C:\WINDOWS\System32\WindowsPowerShell\v1.0\;C:\Program Files\Microsoft SQL Server\110\Tools\Binn\;C:\WINDOWS\System32\OpenSSH\;C:\Program Files\NVIDIA Corporation\NVIDIA NvDLISR;C:\Program Files (x86)\NVIDIA Corporation\PhysX\Common;C:\WINDOWS\system32;C:\WINDOWS;C:\WINDOWS\System32\Wbem;C:\WINDOWS\System32\WindowsPowerShell\v1.0\;C:\WINDOWS\System32\OpenSSH\;C:\xampp\php;C:\composer;C:\Program Files\Git\cmd;C:\Program Files (x86)\dotnet\;C:\Program Files\NVIDIA Corporation\Nsight Compute 2020.3.1\;C:\Users\Predator\AppData\Local\Microsoft\WindowsApps;C:\Users\Predator\AppData\Local\Programs\Microsoft VS Code\bin;C:\Users\Predator\AppData\Roaming\Composer\vendor\bin;C:\Users\Predator\AppData\Local\GitHubDesktop\bin;C:\Users\Predator\AppData\Local\Microsoft\WindowsApps;E:\flutter\bin;
USERNAME=Predator
OS=Windows_NT
PROCESSOR_IDENTIFIER=Intel64 Family 6 Model 158 Stepping 9, GenuineIntel



---------------  S Y S T E M  ---------------

OS: Windows 10.0 , 64 bit Build 19041 (10.0.19041.928)

CPU:total 8 (initial active 8) (4 cores per cpu, 2 threads per core) family 6 model 158 stepping 9, cmov, cx8, fxsr, mmx, sse, sse2, sse3, ssse3, sse4.1, sse4.2, popcnt, avx, avx2, aes, clmul, erms, 3dnowpref, lzcnt, ht, tsc, tscinvbit, bmi1, bmi2, adx

Memory: 4k page, physical 16658020k(5421556k free), swap 18792036k(5180k free)

vm_info: OpenJDK 64-Bit Server VM (25.71-b00) for windows-amd64 JRE (1.8.0-adoptopenjdk-_2018_05_19_00_59-b00), built on May 19 2018 01:02:12 by "jenkins" with MS VC++ 10.0 (VS2010)

time: Fri Jun 11 03:35:19 2021
elapsed time: 1 seconds (0d 0h 0m 1s)

